nohup: ignoring input
INFO:aiogram.dispatcher:Start polling
INFO:aiogram.dispatcher:Run polling for bot @MLIspyBot id=8561562125 - 'MLI:AI_Engineer'
INFO:aiogram.event:Update id=551729328 is handled. Duration 68 ms by bot id=8561562125
INFO:aiogram.event:Update id=551729329 is handled. Duration 73 ms by bot id=8561562125
INFO:aiogram.event:Update id=551729330 is handled. Duration 39 ms by bot id=8561562125
INFO:aiogram.event:Update id=551729331 is handled. Duration 85 ms by bot id=8561562125
INFO:aiogram.event:Update id=551729332 is handled. Duration 48 ms by bot id=8561562125
INFO:aiogram.event:Update id=551729333 is handled. Duration 37 ms by bot id=8561562125
INFO:aiogram.event:Update id=551729334 is handled. Duration 30 ms by bot id=8561562125
INFO:aiogram.event:Update id=551729335 is handled. Duration 41 ms by bot id=8561562125
INFO:aiogram.event:Update id=551729336 is handled. Duration 53 ms by bot id=8561562125
INFO:aiogram.event:Update id=551729337 is handled. Duration 63 ms by bot id=8561562125
INFO:aiogram.event:Update id=551729338 is handled. Duration 35 ms by bot id=8561562125
INFO:aiogram.event:Update id=551729339 is handled. Duration 39 ms by bot id=8561562125
INFO:aiogram.event:Update id=551729340 is handled. Duration 160 ms by bot id=8561562125
INFO:aiogram.event:Update id=551729341 is handled. Duration 35 ms by bot id=8561562125
INFO:aiogram.event:Update id=551729342 is handled. Duration 31 ms by bot id=8561562125
INFO:aiogram.event:Update id=551729343 is handled. Duration 36 ms by bot id=8561562125
INFO:aiogram.event:Update id=551729344 is handled. Duration 39 ms by bot id=8561562125
INFO:aiogram.event:Update id=551729345 is handled. Duration 85 ms by bot id=8561562125
INFO:aiogram.event:Update id=551729346 is handled. Duration 1818 ms by bot id=8561562125
INFO:aiogram.event:Update id=551729347 is handled. Duration 2041 ms by bot id=8561562125
INFO:aiogram.event:Update id=551729348 is handled. Duration 2193 ms by bot id=8561562125
INFO:aiogram.event:Update id=551729349 is handled. Duration 2595 ms by bot id=8561562125
INFO:aiogram.event:Update id=551729350 is handled. Duration 66 ms by bot id=8561562125
INFO:aiogram.event:Update id=551729351 is handled. Duration 43 ms by bot id=8561562125
INFO:aiogram.event:Update id=551729352 is handled. Duration 88 ms by bot id=8561562125
INFO:aiogram.event:Update id=551729353 is handled. Duration 2182 ms by bot id=8561562125
INFO:aiogram.event:Update id=551729354 is handled. Duration 35 ms by bot id=8561562125
INFO:aiogram.event:Update id=551729355 is handled. Duration 45 ms by bot id=8561562125
INFO:aiogram.event:Update id=551729356 is handled. Duration 110 ms by bot id=8561562125
INFO:aiogram.event:Update id=551729357 is handled. Duration 115 ms by bot id=8561562125
INFO:aiogram.event:Update id=551729358 is handled. Duration 37 ms by bot id=8561562125
INFO:aiogram.event:Update id=551729359 is handled. Duration 138 ms by bot id=8561562125
INFO:aiogram.event:Update id=551729360 is handled. Duration 61 ms by bot id=8561562125
INFO:aiogram.event:Update id=551729361 is handled. Duration 39 ms by bot id=8561562125
INFO:aiogram.event:Update id=551729362 is handled. Duration 39 ms by bot id=8561562125
INFO:aiogram.event:Update id=551729363 is handled. Duration 63 ms by bot id=8561562125
INFO:aiogram.event:Update id=551729364 is handled. Duration 74 ms by bot id=8561562125
INFO:aiogram.event:Update id=551729365 is handled. Duration 75 ms by bot id=8561562125
INFO:aiogram.event:Update id=551729366 is handled. Duration 117 ms by bot id=8561562125
INFO:aiogram.event:Update id=551729367 is handled. Duration 65 ms by bot id=8561562125
INFO:aiogram.event:Update id=551729368 is handled. Duration 68 ms by bot id=8561562125
INFO:aiogram.event:Update id=551729369 is handled. Duration 227 ms by bot id=8561562125
INFO:aiogram.event:Update id=551729370 is handled. Duration 87 ms by bot id=8561562125
INFO:aiogram.event:Update id=551729371 is handled. Duration 162 ms by bot id=8561562125
INFO:aiogram.event:Update id=551729372 is handled. Duration 104 ms by bot id=8561562125
INFO:aiogram.event:Update id=551729373 is handled. Duration 2123 ms by bot id=8561562125
INFO:aiogram.event:Update id=551729374 is handled. Duration 43 ms by bot id=8561562125
INFO:aiogram.event:Update id=551729375 is handled. Duration 63 ms by bot id=8561562125
INFO:aiogram.event:Update id=551729376 is handled. Duration 2194 ms by bot id=8561562125
INFO:aiogram.event:Update id=551729377 is handled. Duration 497 ms by bot id=8561562125
INFO:aiogram.event:Update id=551729378 is handled. Duration 215 ms by bot id=8561562125
INFO:aiogram.event:Update id=551729379 is handled. Duration 130 ms by bot id=8561562125
INFO:aiogram.event:Update id=551729380 is handled. Duration 34 ms by bot id=8561562125
INFO:aiogram.event:Update id=551729381 is handled. Duration 85 ms by bot id=8561562125
INFO:aiogram.event:Update id=551729382 is handled. Duration 61 ms by bot id=8561562125
INFO:aiogram.event:Update id=551729383 is handled. Duration 39 ms by bot id=8561562125
INFO:aiogram.event:Update id=551729384 is handled. Duration 61 ms by bot id=8561562125
INFO:aiogram.event:Update id=551729385 is handled. Duration 74 ms by bot id=8561562125
INFO:aiogram.event:Update id=551729386 is handled. Duration 64 ms by bot id=8561562125
INFO:aiogram.event:Update id=551729387 is handled. Duration 68 ms by bot id=8561562125
INFO:aiogram.event:Update id=551729388 is handled. Duration 67 ms by bot id=8561562125
INFO:aiogram.event:Update id=551729389 is handled. Duration 89 ms by bot id=8561562125
INFO:aiogram.event:Update id=551729390 is handled. Duration 50 ms by bot id=8561562125
INFO:aiogram.event:Update id=551729391 is handled. Duration 134 ms by bot id=8561562125
INFO:aiogram.event:Update id=551729392 is handled. Duration 38 ms by bot id=8561562125
INFO:aiogram.event:Update id=551729393 is handled. Duration 75 ms by bot id=8561562125
INFO:aiogram.event:Update id=551729394 is handled. Duration 1580 ms by bot id=8561562125
INFO:aiogram.event:Update id=551729395 is handled. Duration 1977 ms by bot id=8561562125
INFO:aiogram.event:Update id=551729396 is handled. Duration 65 ms by bot id=8561562125
INFO:aiogram.event:Update id=551729397 is handled. Duration 56 ms by bot id=8561562125
INFO:aiogram.event:Update id=551729398 is handled. Duration 153 ms by bot id=8561562125
INFO:aiogram.event:Update id=551729399 is handled. Duration 63 ms by bot id=8561562125
INFO:aiogram.event:Update id=551729400 is handled. Duration 41 ms by bot id=8561562125
INFO:aiogram.event:Update id=551729401 is handled. Duration 36 ms by bot id=8561562125
INFO:aiogram.event:Update id=551729402 is handled. Duration 101 ms by bot id=8561562125
INFO:aiogram.event:Update id=551729403 is handled. Duration 158 ms by bot id=8561562125
INFO:aiogram.event:Update id=551729404 is handled. Duration 2335 ms by bot id=8561562125
INFO:aiogram.event:Update id=551729405 is handled. Duration 3153 ms by bot id=8561562125
INFO:aiogram.event:Update id=551729406 is handled. Duration 128 ms by bot id=8561562125
INFO:aiogram.event:Update id=551729407 is handled. Duration 41 ms by bot id=8561562125
INFO:aiogram.event:Update id=551729408 is handled. Duration 51 ms by bot id=8561562125
INFO:aiogram.event:Update id=551729409 is not handled. Duration 5 ms by bot id=8561562125
INFO:aiogram.event:Update id=551729410 is handled. Duration 62 ms by bot id=8561562125
INFO:aiogram.event:Update id=551729411 is handled. Duration 1759 ms by bot id=8561562125
INFO:aiogram.event:Update id=551729412 is handled. Duration 2512 ms by bot id=8561562125
INFO:aiogram.event:Update id=551729413 is handled. Duration 82 ms by bot id=8561562125
INFO:aiogram.event:Update id=551729414 is handled. Duration 57 ms by bot id=8561562125
INFO:aiogram.event:Update id=551729415 is handled. Duration 67 ms by bot id=8561562125
INFO:aiogram.event:Update id=551729416 is handled. Duration 92 ms by bot id=8561562125
INFO:aiogram.event:Update id=551729417 is handled. Duration 2148 ms by bot id=8561562125
INFO:aiogram.event:Update id=551729418 is handled. Duration 2060 ms by bot id=8561562125
INFO:aiogram.event:Update id=551729419 is handled. Duration 81 ms by bot id=8561562125
INFO:aiogram.event:Update id=551729420 is handled. Duration 81 ms by bot id=8561562125
INFO:aiogram.event:Update id=551729421 is handled. Duration 74 ms by bot id=8561562125
INFO:aiogram.event:Update id=551729422 is handled. Duration 64 ms by bot id=8561562125
INFO:aiogram.event:Update id=551729423 is handled. Duration 260 ms by bot id=8561562125
INFO:aiogram.event:Update id=551729424 is handled. Duration 61 ms by bot id=8561562125
INFO:aiogram.event:Update id=551729425 is handled. Duration 53 ms by bot id=8561562125
INFO:aiogram.event:Update id=551729426 is handled. Duration 1607 ms by bot id=8561562125
INFO:aiogram.event:Update id=551729427 is handled. Duration 3231 ms by bot id=8561562125
INFO:aiogram.event:Update id=551729428 is handled. Duration 66 ms by bot id=8561562125
INFO:aiogram.event:Update id=551729429 is handled. Duration 74 ms by bot id=8561562125
INFO:aiogram.event:Update id=551729430 is handled. Duration 61 ms by bot id=8561562125
INFO:aiogram.event:Update id=551729432 is handled. Duration 48 ms by bot id=8561562125
INFO:aiogram.event:Update id=551729433 is handled. Duration 41 ms by bot id=8561562125
INFO:aiogram.event:Update id=551729434 is handled. Duration 28 ms by bot id=8561562125
INFO:aiogram.event:Update id=551729435 is handled. Duration 52 ms by bot id=8561562125
INFO:aiogram.event:Update id=551729436 is handled. Duration 91 ms by bot id=8561562125
INFO:aiogram.event:Update id=551729437 is handled. Duration 1941 ms by bot id=8561562125
INFO:aiogram.event:Update id=551729431 is handled. Duration 46362 ms by bot id=8561562125
INFO:aiogram.event:Update id=551729438 is handled. Duration 45 ms by bot id=8561562125
INFO:aiogram.event:Update id=551729439 is handled. Duration 37 ms by bot id=8561562125
INFO:aiogram.event:Update id=551729440 is handled. Duration 62 ms by bot id=8561562125
INFO:aiogram.event:Update id=551729441 is handled. Duration 122 ms by bot id=8561562125
INFO:aiogram.event:Update id=551729442 is handled. Duration 88 ms by bot id=8561562125
INFO:aiogram.event:Update id=551729443 is handled. Duration 98 ms by bot id=8561562125
INFO:aiogram.event:Update id=551729444 is handled. Duration 220 ms by bot id=8561562125
INFO:aiogram.event:Update id=551729445 is handled. Duration 60 ms by bot id=8561562125
INFO:aiogram.event:Update id=551729446 is handled. Duration 71 ms by bot id=8561562125
INFO:aiogram.event:Update id=551729447 is handled. Duration 67 ms by bot id=8561562125
INFO:aiogram.event:Update id=551729448 is handled. Duration 35 ms by bot id=8561562125
INFO:aiogram.event:Update id=551729449 is not handled. Duration 4 ms by bot id=8561562125
INFO:aiogram.event:Update id=551729450 is handled. Duration 64 ms by bot id=8561562125
INFO:aiogram.event:Update id=551729451 is handled. Duration 1938 ms by bot id=8561562125
INFO:aiogram.event:Update id=551729452 is handled. Duration 84 ms by bot id=8561562125
INFO:aiogram.event:Update id=551729453 is handled. Duration 54 ms by bot id=8561562125
INFO:aiogram.event:Update id=551729454 is handled. Duration 40 ms by bot id=8561562125
INFO:aiogram.event:Update id=551729455 is handled. Duration 175 ms by bot id=8561562125
INFO:aiogram.event:Update id=551729456 is handled. Duration 99 ms by bot id=8561562125
INFO:aiogram.event:Update id=551729457 is handled. Duration 100 ms by bot id=8561562125
INFO:aiogram.event:Update id=551729458 is handled. Duration 78 ms by bot id=8561562125
INFO:aiogram.event:Update id=551729459 is handled. Duration 167 ms by bot id=8561562125
INFO:aiogram.event:Update id=551729460 is handled. Duration 94 ms by bot id=8561562125
INFO:aiogram.event:Update id=551729461 is handled. Duration 128 ms by bot id=8561562125
INFO:aiogram.event:Update id=551729462 is handled. Duration 88 ms by bot id=8561562125
INFO:aiogram.event:Update id=551729463 is handled. Duration 47 ms by bot id=8561562125
INFO:aiogram.event:Update id=551729464 is handled. Duration 57 ms by bot id=8561562125
INFO:aiogram.event:Update id=551729465 is handled. Duration 109 ms by bot id=8561562125
INFO:aiogram.event:Update id=551729466 is handled. Duration 45 ms by bot id=8561562125
INFO:aiogram.event:Update id=551729467 is handled. Duration 52 ms by bot id=8561562125
INFO:aiogram.event:Update id=551729468 is handled. Duration 181 ms by bot id=8561562125
INFO:aiogram.event:Update id=551729469 is handled. Duration 40 ms by bot id=8561562125
INFO:aiogram.event:Update id=551729470 is handled. Duration 50 ms by bot id=8561562125
INFO:aiogram.event:Update id=551729471 is handled. Duration 65 ms by bot id=8561562125
INFO:aiogram.event:Update id=551729472 is handled. Duration 86 ms by bot id=8561562125
INFO:aiogram.event:Update id=551729473 is handled. Duration 52 ms by bot id=8561562125
INFO:aiogram.event:Update id=551729474 is handled. Duration 100 ms by bot id=8561562125
INFO:aiogram.event:Update id=551729475 is handled. Duration 117 ms by bot id=8561562125
INFO:aiogram.event:Update id=551729476 is not handled. Duration 8 ms by bot id=8561562125
INFO:aiogram.event:Update id=551729477 is handled. Duration 47 ms by bot id=8561562125
INFO:aiogram.event:Update id=551729478 is handled. Duration 76 ms by bot id=8561562125
INFO:aiogram.event:Update id=551729479 is handled. Duration 51 ms by bot id=8561562125
INFO:aiogram.event:Update id=551729480 is handled. Duration 43 ms by bot id=8561562125
INFO:aiogram.event:Update id=551729481 is handled. Duration 66 ms by bot id=8561562125
INFO:aiogram.event:Update id=551729482 is handled. Duration 93 ms by bot id=8561562125
INFO:aiogram.event:Update id=551729483 is handled. Duration 54 ms by bot id=8561562125
INFO:aiogram.event:Update id=551729484 is handled. Duration 253 ms by bot id=8561562125
INFO:aiogram.event:Update id=551729485 is handled. Duration 273 ms by bot id=8561562125
INFO:aiogram.event:Update id=551729486 is handled. Duration 49 ms by bot id=8561562125
INFO:aiogram.event:Update id=551729487 is handled. Duration 107 ms by bot id=8561562125
INFO:aiogram.event:Update id=551729488 is handled. Duration 79 ms by bot id=8561562125
INFO:aiogram.event:Update id=551729489 is handled. Duration 38 ms by bot id=8561562125
INFO:aiogram.event:Update id=551729490 is handled. Duration 133 ms by bot id=8561562125
INFO:aiogram.event:Update id=551729491 is handled. Duration 296 ms by bot id=8561562125
INFO:aiogram.event:Update id=551729492 is not handled. Duration 9 ms by bot id=8561562125
INFO:aiogram.event:Update id=551729493 is handled. Duration 41 ms by bot id=8561562125
INFO:aiogram.event:Update id=551729494 is handled. Duration 90 ms by bot id=8561562125
INFO:aiogram.event:Update id=551729495 is handled. Duration 41 ms by bot id=8561562125
INFO:aiogram.event:Update id=551729496 is handled. Duration 67 ms by bot id=8561562125
INFO:aiogram.event:Update id=551729497 is handled. Duration 453 ms by bot id=8561562125
INFO:aiogram.event:Update id=551729498 is handled. Duration 94 ms by bot id=8561562125
INFO:aiogram.event:Update id=551729499 is handled. Duration 38 ms by bot id=8561562125
INFO:aiogram.event:Update id=551729500 is handled. Duration 107 ms by bot id=8561562125
INFO:aiogram.event:Update id=551729501 is handled. Duration 293 ms by bot id=8561562125
INFO:aiogram.event:Update id=551729502 is handled. Duration 42 ms by bot id=8561562125
INFO:aiogram.event:Update id=551729503 is handled. Duration 54 ms by bot id=8561562125
INFO:aiogram.event:Update id=551729504 is handled. Duration 67 ms by bot id=8561562125
INFO:aiogram.event:Update id=551729505 is handled. Duration 43 ms by bot id=8561562125
INFO:aiogram.event:Update id=551729506 is handled. Duration 74 ms by bot id=8561562125
INFO:aiogram.event:Update id=551729507 is handled. Duration 79 ms by bot id=8561562125
INFO:aiogram.event:Update id=551729508 is handled. Duration 168 ms by bot id=8561562125
INFO:aiogram.event:Update id=551729509 is handled. Duration 88 ms by bot id=8561562125
INFO:aiogram.event:Update id=551729510 is handled. Duration 39 ms by bot id=8561562125
INFO:aiogram.event:Update id=551729511 is handled. Duration 42 ms by bot id=8561562125
INFO:aiogram.event:Update id=551729512 is handled. Duration 153 ms by bot id=8561562125
INFO:aiogram.event:Update id=551729513 is handled. Duration 57 ms by bot id=8561562125
INFO:aiogram.event:Update id=551729514 is handled. Duration 95 ms by bot id=8561562125
INFO:aiogram.event:Update id=551729515 is handled. Duration 48 ms by bot id=8561562125
INFO:aiogram.event:Update id=551729516 is handled. Duration 44 ms by bot id=8561562125
INFO:aiogram.event:Update id=551729517 is handled. Duration 37 ms by bot id=8561562125
INFO:aiogram.event:Update id=551729518 is handled. Duration 70 ms by bot id=8561562125
INFO:aiogram.event:Update id=551729519 is handled. Duration 85 ms by bot id=8561562125
INFO:aiogram.event:Update id=551729520 is handled. Duration 43 ms by bot id=8561562125
INFO:aiogram.event:Update id=551729521 is handled. Duration 35 ms by bot id=8561562125
INFO:aiogram.event:Update id=551729522 is handled. Duration 205 ms by bot id=8561562125
INFO:aiogram.event:Update id=551729523 is handled. Duration 117 ms by bot id=8561562125
INFO:aiogram.event:Update id=551729524 is handled. Duration 246 ms by bot id=8561562125
INFO:aiogram.event:Update id=551729525 is handled. Duration 66 ms by bot id=8561562125
INFO:aiogram.event:Update id=551729526 is handled. Duration 40 ms by bot id=8561562125
INFO:aiogram.event:Update id=551729527 is handled. Duration 78 ms by bot id=8561562125
INFO:aiogram.event:Update id=551729528 is handled. Duration 149 ms by bot id=8561562125
INFO:aiogram.event:Update id=551729529 is handled. Duration 41 ms by bot id=8561562125
INFO:aiogram.event:Update id=551729530 is handled. Duration 87 ms by bot id=8561562125
INFO:aiogram.event:Update id=551729531 is handled. Duration 48 ms by bot id=8561562125
INFO:aiogram.event:Update id=551729532 is handled. Duration 47 ms by bot id=8561562125
INFO:aiogram.event:Update id=551729533 is handled. Duration 86 ms by bot id=8561562125
INFO:aiogram.event:Update id=551729534 is handled. Duration 73 ms by bot id=8561562125
INFO:aiogram.event:Update id=551729535 is handled. Duration 61 ms by bot id=8561562125
INFO:aiogram.event:Update id=551729536 is handled. Duration 85 ms by bot id=8561562125
INFO:aiogram.event:Update id=551729537 is handled. Duration 39 ms by bot id=8561562125
INFO:aiogram.event:Update id=551729538 is handled. Duration 43 ms by bot id=8561562125
INFO:aiogram.event:Update id=551729539 is handled. Duration 67 ms by bot id=8561562125
INFO:aiogram.event:Update id=551729540 is handled. Duration 81 ms by bot id=8561562125
INFO:aiogram.event:Update id=551729541 is handled. Duration 39 ms by bot id=8561562125
INFO:aiogram.event:Update id=551729542 is handled. Duration 61 ms by bot id=8561562125
INFO:aiogram.event:Update id=551729543 is handled. Duration 42 ms by bot id=8561562125
INFO:aiogram.event:Update id=551729544 is handled. Duration 101 ms by bot id=8561562125
INFO:aiogram.event:Update id=551729545 is handled. Duration 41 ms by bot id=8561562125
INFO:aiogram.event:Update id=551729546 is handled. Duration 68 ms by bot id=8561562125
INFO:aiogram.event:Update id=551729547 is handled. Duration 200 ms by bot id=8561562125
INFO:aiogram.event:Update id=551729548 is handled. Duration 42 ms by bot id=8561562125
INFO:aiogram.event:Update id=551729549 is handled. Duration 41 ms by bot id=8561562125
INFO:aiogram.event:Update id=551729550 is handled. Duration 81 ms by bot id=8561562125
INFO:aiogram.event:Update id=551729551 is handled. Duration 27 ms by bot id=8561562125
INFO:aiogram.event:Update id=551729552 is handled. Duration 69 ms by bot id=8561562125
INFO:aiogram.event:Update id=551729553 is handled. Duration 74 ms by bot id=8561562125
INFO:aiogram.event:Update id=551729554 is handled. Duration 67 ms by bot id=8561562125
INFO:aiogram.event:Update id=551729555 is handled. Duration 41 ms by bot id=8561562125
INFO:aiogram.event:Update id=551729556 is handled. Duration 80 ms by bot id=8561562125
INFO:aiogram.event:Update id=551729557 is handled. Duration 58 ms by bot id=8561562125
INFO:aiogram.event:Update id=551729558 is handled. Duration 914 ms by bot id=8561562125
INFO:aiogram.event:Update id=551729559 is handled. Duration 53 ms by bot id=8561562125
INFO:aiogram.event:Update id=551729560 is handled. Duration 115 ms by bot id=8561562125
INFO:aiogram.event:Update id=551729561 is handled. Duration 50 ms by bot id=8561562125
INFO:aiogram.event:Update id=551729562 is handled. Duration 92 ms by bot id=8561562125
INFO:aiogram.event:Update id=551729563 is handled. Duration 83 ms by bot id=8561562125
INFO:aiogram.event:Update id=551729564 is handled. Duration 86 ms by bot id=8561562125
INFO:aiogram.event:Update id=551729565 is handled. Duration 49 ms by bot id=8561562125
INFO:aiogram.event:Update id=551729566 is handled. Duration 195 ms by bot id=8561562125
INFO:aiogram.event:Update id=551729567 is handled. Duration 146 ms by bot id=8561562125
INFO:aiogram.event:Update id=551729568 is handled. Duration 111 ms by bot id=8561562125
INFO:aiogram.event:Update id=551729569 is handled. Duration 50 ms by bot id=8561562125
INFO:aiogram.event:Update id=551729570 is handled. Duration 129 ms by bot id=8561562125
INFO:aiogram.event:Update id=551729571 is handled. Duration 32 ms by bot id=8561562125
INFO:aiogram.event:Update id=551729572 is handled. Duration 68 ms by bot id=8561562125
INFO:aiogram.event:Update id=551729573 is handled. Duration 34 ms by bot id=8561562125
INFO:aiogram.event:Update id=551729574 is handled. Duration 162 ms by bot id=8561562125
INFO:aiogram.event:Update id=551729575 is handled. Duration 37 ms by bot id=8561562125
INFO:aiogram.event:Update id=551729576 is handled. Duration 51 ms by bot id=8561562125
INFO:aiogram.event:Update id=551729577 is handled. Duration 202 ms by bot id=8561562125
INFO:aiogram.event:Update id=551729578 is handled. Duration 47 ms by bot id=8561562125
INFO:aiogram.event:Update id=551729579 is handled. Duration 59 ms by bot id=8561562125
INFO:aiogram.event:Update id=551729580 is handled. Duration 77 ms by bot id=8561562125
INFO:aiogram.event:Update id=551729581 is handled. Duration 51 ms by bot id=8561562125
INFO:aiogram.event:Update id=551729582 is handled. Duration 117 ms by bot id=8561562125
INFO:aiogram.event:Update id=551729583 is handled. Duration 123 ms by bot id=8561562125
INFO:aiogram.event:Update id=551729584 is handled. Duration 425 ms by bot id=8561562125
INFO:aiogram.event:Update id=551729585 is handled. Duration 30 ms by bot id=8561562125
INFO:aiogram.event:Update id=551729586 is handled. Duration 63 ms by bot id=8561562125
INFO:aiogram.event:Update id=551729587 is handled. Duration 43 ms by bot id=8561562125
INFO:aiogram.event:Update id=551729588 is handled. Duration 69 ms by bot id=8561562125
INFO:aiogram.event:Update id=551729589 is handled. Duration 143 ms by bot id=8561562125
INFO:aiogram.event:Update id=551729590 is handled. Duration 241 ms by bot id=8561562125
INFO:aiogram.event:Update id=551729591 is handled. Duration 40 ms by bot id=8561562125
INFO:aiogram.event:Update id=551729592 is handled. Duration 70 ms by bot id=8561562125
INFO:aiogram.event:Update id=551729593 is handled. Duration 95 ms by bot id=8561562125
INFO:aiogram.event:Update id=551729594 is handled. Duration 220 ms by bot id=8561562125
INFO:aiogram.event:Update id=551729595 is handled. Duration 35 ms by bot id=8561562125
INFO:aiogram.event:Update id=551729596 is handled. Duration 80 ms by bot id=8561562125
INFO:aiogram.event:Update id=551729597 is handled. Duration 214 ms by bot id=8561562125
INFO:aiogram.event:Update id=551729598 is handled. Duration 42 ms by bot id=8561562125
INFO:aiogram.event:Update id=551729599 is handled. Duration 71 ms by bot id=8561562125
INFO:aiogram.event:Update id=551729600 is handled. Duration 3685 ms by bot id=8561562125
INFO:aiogram.event:Update id=551729601 is handled. Duration 3269 ms by bot id=8561562125
INFO:aiogram.event:Update id=551729603 is handled. Duration 2478 ms by bot id=8561562125
INFO:aiogram.event:Update id=551729602 is handled. Duration 23955 ms by bot id=8561562125
INFO:aiogram.event:Update id=551729604 is handled. Duration 2860 ms by bot id=8561562125
INFO:aiogram.event:Update id=551729605 is handled. Duration 83 ms by bot id=8561562125
INFO:aiogram.event:Update id=551729606 is handled. Duration 71 ms by bot id=8561562125
INFO:aiogram.event:Update id=551729607 is handled. Duration 73 ms by bot id=8561562125
INFO:aiogram.event:Update id=551729608 is handled. Duration 93 ms by bot id=8561562125
INFO:aiogram.event:Update id=551729609 is handled. Duration 2622 ms by bot id=8561562125
INFO:aiogram.event:Update id=551729610 is handled. Duration 46 ms by bot id=8561562125
INFO:aiogram.event:Update id=551729611 is handled. Duration 43 ms by bot id=8561562125
INFO:aiogram.event:Update id=551729612 is handled. Duration 84 ms by bot id=8561562125
INFO:aiogram.event:Update id=551729613 is handled. Duration 1969 ms by bot id=8561562125
INFO:aiogram.event:Update id=551729614 is not handled. Duration 5 ms by bot id=8561562125
INFO:aiogram.event:Update id=551729615 is not handled. Duration 6 ms by bot id=8561562125
INFO:aiogram.event:Update id=551729616 is handled. Duration 41 ms by bot id=8561562125
INFO:aiogram.event:Update id=551729617 is handled. Duration 79 ms by bot id=8561562125
INFO:aiogram.event:Update id=551729618 is handled. Duration 98 ms by bot id=8561562125
INFO:aiogram.event:Update id=551729619 is handled. Duration 64 ms by bot id=8561562125
INFO:aiogram.event:Update id=551729620 is handled. Duration 60 ms by bot id=8561562125
INFO:aiogram.event:Update id=551729621 is handled. Duration 102 ms by bot id=8561562125
INFO:aiogram.event:Update id=551729622 is handled. Duration 2391 ms by bot id=8561562125
INFO:aiogram.event:Update id=551729623 is handled. Duration 116 ms by bot id=8561562125
INFO:aiogram.event:Update id=551729624 is handled. Duration 49 ms by bot id=8561562125
INFO:aiogram.event:Update id=551729625 is handled. Duration 97 ms by bot id=8561562125
INFO:aiogram.event:Update id=551729626 is handled. Duration 79 ms by bot id=8561562125
INFO:aiogram.event:Update id=551729627 is handled. Duration 108 ms by bot id=8561562125
INFO:aiogram.event:Update id=551729628 is handled. Duration 99 ms by bot id=8561562125
INFO:aiogram.event:Update id=551729629 is handled. Duration 52 ms by bot id=8561562125
INFO:aiogram.event:Update id=551729630 is handled. Duration 105 ms by bot id=8561562125
INFO:aiogram.event:Update id=551729631 is handled. Duration 210 ms by bot id=8561562125
INFO:aiogram.event:Update id=551729632 is handled. Duration 105 ms by bot id=8561562125
INFO:aiogram.event:Update id=551729633 is handled. Duration 39 ms by bot id=8561562125
INFO:aiogram.event:Update id=551729634 is not handled. Duration 8 ms by bot id=8561562125
INFO:aiogram.event:Update id=551729635 is not handled. Duration 7 ms by bot id=8561562125
INFO:aiogram.event:Update id=551729636 is handled. Duration 49 ms by bot id=8561562125
INFO:aiogram.event:Update id=551729637 is handled. Duration 114 ms by bot id=8561562125
INFO:aiogram.event:Update id=551729638 is handled. Duration 247 ms by bot id=8561562125
INFO:aiogram.event:Update id=551729639 is handled. Duration 156 ms by bot id=8561562125
INFO:aiogram.event:Update id=551729640 is handled. Duration 44 ms by bot id=8561562125
INFO:aiogram.event:Update id=551729641 is handled. Duration 40 ms by bot id=8561562125
INFO:aiogram.event:Update id=551729642 is handled. Duration 61 ms by bot id=8561562125
INFO:aiogram.event:Update id=551729643 is handled. Duration 64 ms by bot id=8561562125
INFO:aiogram.event:Update id=551729644 is handled. Duration 62 ms by bot id=8561562125
INFO:aiogram.event:Update id=551729645 is handled. Duration 55 ms by bot id=8561562125
INFO:aiogram.event:Update id=551729646 is handled. Duration 47 ms by bot id=8561562125
INFO:aiogram.event:Update id=551729647 is handled. Duration 648 ms by bot id=8561562125
INFO:aiogram.event:Update id=551729648 is handled. Duration 129 ms by bot id=8561562125
INFO:aiogram.event:Update id=551729649 is handled. Duration 69 ms by bot id=8561562125
INFO:aiogram.event:Update id=551729650 is handled. Duration 123 ms by bot id=8561562125
INFO:aiogram.event:Update id=551729651 is handled. Duration 115 ms by bot id=8561562125
INFO:aiogram.event:Update id=551729652 is handled. Duration 47 ms by bot id=8561562125
INFO:aiogram.event:Update id=551729653 is handled. Duration 118 ms by bot id=8561562125
INFO:aiogram.event:Update id=551729654 is handled. Duration 70 ms by bot id=8561562125
INFO:aiogram.event:Update id=551729655 is handled. Duration 35 ms by bot id=8561562125
INFO:aiogram.event:Update id=551729656 is handled. Duration 70 ms by bot id=8561562125
INFO:aiogram.event:Update id=551729657 is handled. Duration 74 ms by bot id=8561562125
INFO:aiogram.event:Update id=551729658 is handled. Duration 98 ms by bot id=8561562125
INFO:aiogram.event:Update id=551729659 is handled. Duration 203 ms by bot id=8561562125
INFO:aiogram.event:Update id=551729660 is handled. Duration 127 ms by bot id=8561562125
INFO:aiogram.event:Update id=551729661 is handled. Duration 102 ms by bot id=8561562125
INFO:aiogram.event:Update id=551729662 is handled. Duration 62 ms by bot id=8561562125
INFO:aiogram.event:Update id=551729663 is handled. Duration 64 ms by bot id=8561562125
INFO:aiogram.event:Update id=551729664 is handled. Duration 37 ms by bot id=8561562125
INFO:aiogram.event:Update id=551729665 is handled. Duration 30 ms by bot id=8561562125
INFO:aiogram.event:Update id=551729666 is handled. Duration 42 ms by bot id=8561562125
INFO:aiogram.event:Update id=551729667 is handled. Duration 129 ms by bot id=8561562125
INFO:aiogram.event:Update id=551729668 is handled. Duration 55 ms by bot id=8561562125
INFO:aiogram.event:Update id=551729669 is handled. Duration 34 ms by bot id=8561562125
INFO:aiogram.event:Update id=551729670 is handled. Duration 39 ms by bot id=8561562125
INFO:aiogram.event:Update id=551729671 is handled. Duration 40 ms by bot id=8561562125
INFO:aiogram.event:Update id=551729672 is handled. Duration 41 ms by bot id=8561562125
INFO:aiogram.event:Update id=551729673 is handled. Duration 31 ms by bot id=8561562125
INFO:aiogram.event:Update id=551729674 is handled. Duration 37 ms by bot id=8561562125
INFO:aiogram.event:Update id=551729675 is handled. Duration 53 ms by bot id=8561562125
INFO:aiogram.event:Update id=551729676 is handled. Duration 42 ms by bot id=8561562125
INFO:aiogram.event:Update id=551729677 is handled. Duration 53 ms by bot id=8561562125
INFO:aiogram.event:Update id=551729678 is handled. Duration 80 ms by bot id=8561562125
INFO:aiogram.event:Update id=551729679 is handled. Duration 175 ms by bot id=8561562125
INFO:aiogram.event:Update id=551729680 is handled. Duration 131 ms by bot id=8561562125
INFO:aiogram.event:Update id=551729681 is handled. Duration 100 ms by bot id=8561562125
INFO:aiogram.event:Update id=551729682 is handled. Duration 51 ms by bot id=8561562125
INFO:aiogram.event:Update id=551729683 is handled. Duration 51 ms by bot id=8561562125
INFO:aiogram.event:Update id=551729684 is handled. Duration 67 ms by bot id=8561562125
INFO:aiogram.event:Update id=551729685 is handled. Duration 155 ms by bot id=8561562125
INFO:aiogram.event:Update id=551729686 is handled. Duration 89 ms by bot id=8561562125
INFO:aiogram.event:Update id=551729687 is handled. Duration 253 ms by bot id=8561562125
INFO:aiogram.event:Update id=551729688 is handled. Duration 49 ms by bot id=8561562125
INFO:aiogram.event:Update id=551729689 is handled. Duration 189 ms by bot id=8561562125
INFO:aiogram.event:Update id=551729690 is handled. Duration 353 ms by bot id=8561562125
INFO:aiogram.event:Update id=551729691 is handled. Duration 171 ms by bot id=8561562125
INFO:aiogram.event:Update id=551729692 is handled. Duration 112 ms by bot id=8561562125
INFO:aiogram.event:Update id=551729693 is handled. Duration 63 ms by bot id=8561562125
INFO:aiogram.event:Update id=551729694 is handled. Duration 42 ms by bot id=8561562125
INFO:aiogram.event:Update id=551729695 is handled. Duration 65 ms by bot id=8561562125
INFO:aiogram.event:Update id=551729696 is handled. Duration 88 ms by bot id=8561562125
INFO:aiogram.event:Update id=551729697 is handled. Duration 50 ms by bot id=8561562125
INFO:aiogram.event:Update id=551729698 is handled. Duration 32 ms by bot id=8561562125
INFO:aiogram.event:Update id=551729699 is handled. Duration 80 ms by bot id=8561562125
INFO:aiogram.event:Update id=551729700 is handled. Duration 1523 ms by bot id=8561562125
INFO:aiogram.event:Update id=551729701 is handled. Duration 3351 ms by bot id=8561562125
INFO:aiogram.event:Update id=551729702 is handled. Duration 154 ms by bot id=8561562125
INFO:aiogram.event:Update id=551729703 is handled. Duration 41 ms by bot id=8561562125
